<?xml version="1.0" encoding="UTF-8"?>
<!-- Generated by org.testng.reporters.JUnitReportReporter -->
<testsuite skipped="0" hostname="WKWIN7106031" name="com.qa.seleniumlearn.SeleniumClass" tests="1" failures="0" timestamp="2019-10-10T10:30:53 IST" time="6.692" errors="0">
  <testcase name="test" time="6.692" classname="com.qa.seleniumlearn.SeleniumClass"/>
</testsuite> <!-- com.qa.seleniumlearn.SeleniumClass -->
