<?xml version="1.0" encoding="UTF-8"?>
<!-- Generated by org.testng.reporters.JUnitReportReporter -->
<testsuite skipped="0" hostname="WKWIN7106031" name="com.qa.seleniumlearn.TestNG" tests="1" failures="0" timestamp="2019-10-10T12:32:32 IST" time="0.016" errors="0">
  <testcase name="actualTest" time="0.016" classname="com.qa.seleniumlearn.TestNG"/>
</testsuite> <!-- com.qa.seleniumlearn.TestNG -->
