<?xml version="1.0" encoding="UTF-8"?>
<!-- Generated by org.testng.reporters.JUnitReportReporter -->
<testsuite skipped="0" hostname="WKWIN7106031" name="com.qa.seleniumlearn.ChildTestClass" tests="1" failures="0" timestamp="2019-11-19T12:07:06 IST" time="0.015" errors="0">
  <testcase name="Test" time="0.015" classname="com.qa.seleniumlearn.ChildTestClass"/>
</testsuite> <!-- com.qa.seleniumlearn.ChildTestClass -->
